<?xml version="1.0" encoding="UTF-8"?>
<!-- Generated by org.testng.reporters.JUnitReportReporter -->
<testsuite hostname="DESKTOP-CNUFA8L" failures="0" tests="1" name="testNGExecutionPackage.AnnotationsClass" time="0.021" errors="0" timestamp="2023-12-01T11:57:54 IST" skipped="0">
  <testcase classname="testNGExecutionPackage.AnnotationsClass" name="annotations_Test_Method2" time="0.021">
    <system-out>
      <![CDATA[test Annotation]]>
    </system-out>
  </testcase> <!-- annotations_Test_Method2 -->
  <system-out>
    <![CDATA[Before Suite Annotation
Before Test Annotation
Before class Annotation
Before Method Annotation
test Annotation
After Method Annotation
After Class Annotation
After Test Annotation
AfterSuite Annotation]]>
  </system-out>
</testsuite> <!-- testNGExecutionPackage.AnnotationsClass -->
