<?xml version="1.0" encoding="UTF-8"?>
<!-- Generated by org.testng.reporters.JUnitReportReporter -->
<testsuite hostname="DESKTOP-CNUFA8L" failures="0" tests="1" name="listnerpaackage.ValidLogin" time="8.285" errors="0" timestamp="2023-12-07T11:54:30 IST" skipped="0">
  <testcase classname="listnerpaackage.ValidLogin" name="validLoginMethod" time="8.285">
    <system-out>
      <![CDATA[onTestStart
onTestSuccess]]>
    </system-out>
  </testcase> <!-- validLoginMethod -->
  <system-out>
    <![CDATA[onStart
onTestStart
onTestSuccess]]>
  </system-out>
</testsuite> <!-- listnerpaackage.ValidLogin -->
