<?xml version="1.0" encoding="UTF-8"?>
<!-- Generated by org.testng.reporters.JUnitReportReporter -->
<testsuite hostname="DESKTOP-CNUFA8L" failures="0" tests="1" name="testNGExecutionPackage.SeleniumTest" time="15.404" errors="0" timestamp="2023-11-28T12:44:34 IST" skipped="0">
  <testcase classname="testNGExecutionPackage.SeleniumTest" name="f" time="15.404"/>
</testsuite> <!-- testNGExecutionPackage.SeleniumTest -->
