<?xml version="1.0" encoding="UTF-8"?>
<!-- Generated by org.testng.reporters.JUnitReportReporter -->
<testsuite hostname="DESKTOP-CNUFA8L" failures="0" tests="1" name="testNGExecutionPackage.JavaTest" time="15.252" errors="0" timestamp="2023-11-28T12:44:34 IST" skipped="0">
  <testcase classname="testNGExecutionPackage.JavaTest" name="java_method" time="15.252"/>
</testsuite> <!-- testNGExecutionPackage.JavaTest -->
