<?xml version="1.0" encoding="UTF-8"?>
<!-- Generated by org.testng.reporters.JUnitReportReporter -->
<testsuite hostname="DESKTOP-CNUFA8L" failures="0" tests="1" name="testNGAssertations.NewTestAssert" time="0.084" errors="0" timestamp="2023-12-05T12:03:37 IST" skipped="0">
  <testcase classname="testNGAssertations.NewTestAssert" name="assertMethod" time="0.084">
    <system-out>
      <![CDATA[Launch Browsers!!
Launch Webapplication by using url
verify and validate the login page
Login performed
verify and validate the home page
user created
task created]]>
    </system-out>
  </testcase> <!-- assertMethod -->
  <system-out>
    <![CDATA[Launch Browsers!!
Launch Webapplication by using url
verify and validate the login page
Login performed
verify and validate the home page
user created
task created]]>
  </system-out>
</testsuite> <!-- testNGAssertations.NewTestAssert -->
