<?xml version="1.0" encoding="UTF-8"?>
<!-- Generated by org.testng.reporters.JUnitReportReporter -->
<testsuite hostname="DESKTOP-CNUFA8L" failures="0" tests="5" name="testNGAnnotations_Flags.ActiTimeDataProviderFlag" time="18.424" errors="0" timestamp="2023-12-07T21:02:16 IST" skipped="0">
  <testcase classname="testNGAnnotations_Flags.ActiTimeDataProviderFlag" name="invalidLoginMethod" time="3.197"/>
  <testcase classname="testNGAnnotations_Flags.ActiTimeDataProviderFlag" name="invalidLoginMethod" time="5.260"/>
  <testcase classname="testNGAnnotations_Flags.ActiTimeDataProviderFlag" name="invalidLoginMethod" time="3.209"/>
  <testcase classname="testNGAnnotations_Flags.ActiTimeDataProviderFlag" name="invalidLoginMethod" time="3.356"/>
  <testcase classname="testNGAnnotations_Flags.ActiTimeDataProviderFlag" name="invalidLoginMethod" time="3.402"/>
</testsuite> <!-- testNGAnnotations_Flags.ActiTimeDataProviderFlag -->
