<?xml version="1.0" encoding="UTF-8"?>
<!-- Generated by org.testng.reporters.JUnitReportReporter -->
<testsuite hostname="DESKTOP-CNUFA8L" failures="0" tests="2" name="testNGExecutionPackage.Test1" time="0.061" errors="0" timestamp="2023-11-30T12:04:00 IST" skipped="0">
  <testcase classname="testNGExecutionPackage.Test1" name="method1" time="0.031">
    <system-out>
      <![CDATA[method1 from Test1 class!]]>
    </system-out>
  </testcase> <!-- method1 -->
  <testcase classname="testNGExecutionPackage.Test1" name="method2" time="0.030">
    <system-out>
      <![CDATA[method2 from Test1 class!!]]>
    </system-out>
  </testcase> <!-- method2 -->
  <system-out>
    <![CDATA[method2 from Test1 class!!
method2 from Test2 class!!  5
method1 from Test2 class!
method1 from Test3 class!
method1 from Test1 class!
method2 from Test3 class!!]]>
  </system-out>
</testsuite> <!-- testNGExecutionPackage.Test1 -->
