<?xml version="1.0" encoding="UTF-8"?>
<!-- Generated by org.testng.reporters.JUnitReportReporter -->
<testsuite hostname="DESKTOP-CNUFA8L" failures="0" tests="5" name="testNGAnnotations_Flags.Flag4" time="0.046" errors="0" timestamp="2023-12-02T12:48:01 IST" skipped="0">
  <testcase classname="testNGAnnotations_Flags.Flag4" name="l" time="0.033">
    <system-out>
      <![CDATA[l]]>
    </system-out>
  </testcase> <!-- l -->
  <testcase classname="testNGAnnotations_Flags.Flag4" name="p" time="0.003">
    <system-out>
      <![CDATA[p]]>
    </system-out>
  </testcase> <!-- p -->
  <testcase classname="testNGAnnotations_Flags.Flag4" name="k" time="0.004">
    <system-out>
      <![CDATA[k]]>
    </system-out>
  </testcase> <!-- k -->
  <testcase classname="testNGAnnotations_Flags.Flag4" name="f" time="0.002">
    <system-out>
      <![CDATA[f]]>
    </system-out>
  </testcase> <!-- f -->
  <testcase classname="testNGAnnotations_Flags.Flag4" name="a" time="0.004">
    <system-out>
      <![CDATA[a]]>
    </system-out>
  </testcase> <!-- a -->
  <system-out>
    <![CDATA[l
p
k
f
a]]>
  </system-out>
</testsuite> <!-- testNGAnnotations_Flags.Flag4 -->
