<?xml version="1.0" encoding="UTF-8"?>
<!-- Generated by org.testng.reporters.JUnitReportReporter -->
<testsuite hostname="DESKTOP-CNUFA8L" failures="0" tests="6" name="testNGAnnotations_Flags.Flag6" time="0.067" errors="0" timestamp="2023-12-04T12:31:29 IST" skipped="0">
  <testcase classname="testNGAnnotations_Flags.Flag6" name="ft2" time="0.005">
    <system-out>
      <![CDATA[ft2]]>
    </system-out>
  </testcase> <!-- ft2 -->
  <testcase classname="testNGAnnotations_Flags.Flag6" name="ft6" time="0.005">
    <system-out>
      <![CDATA[ft6]]>
    </system-out>
  </testcase> <!-- ft6 -->
  <testcase classname="testNGAnnotations_Flags.Flag6" name="ft3" time="0.007">
    <system-out>
      <![CDATA[ft3]]>
    </system-out>
  </testcase> <!-- ft3 -->
  <testcase classname="testNGAnnotations_Flags.Flag6" name="ft1" time="0.028">
    <system-out>
      <![CDATA[ft1]]>
    </system-out>
  </testcase> <!-- ft1 -->
  <testcase classname="testNGAnnotations_Flags.Flag6" name="ft4" time="0.016">
    <system-out>
      <![CDATA[ft4]]>
    </system-out>
  </testcase> <!-- ft4 -->
  <testcase classname="testNGAnnotations_Flags.Flag6" name="ft5" time="0.006">
    <system-out>
      <![CDATA[ft5]]>
    </system-out>
  </testcase> <!-- ft5 -->
  <system-out>
    <![CDATA[ft1
ft2
ft3
ft4
ft5
ft6]]>
  </system-out>
</testsuite> <!-- testNGAnnotations_Flags.Flag6 -->
