<?xml version="1.0" encoding="UTF-8"?>
<!-- Generated by org.testng.reporters.JUnitReportReporter -->
<testsuite hostname="DESKTOP-CNUFA8L" failures="0" tests="1" name="testNGExecutionPackage.SQLTest" time="11.738" errors="0" timestamp="2023-11-28T12:44:34 IST" skipped="0">
  <testcase classname="testNGExecutionPackage.SQLTest" name="sql_method" time="11.738"/>
</testsuite> <!-- testNGExecutionPackage.SQLTest -->
