<?xml version="1.0" encoding="UTF-8"?>
<!-- Generated by org.testng.reporters.JUnitReportReporter -->
<testsuite hostname="DESKTOP-CNUFA8L" failures="0" tests="2" name="testNGPackage.Sumo" time="0.007" errors="0" timestamp="2023-11-28T12:23:12 IST" skipped="0">
  <testcase classname="testNGPackage.Sumo" name="Method1" time="0.003">
    <system-out>
      <![CDATA[Method 1 from Sumo class]]>
    </system-out>
  </testcase> <!-- Method1 -->
  <testcase classname="testNGPackage.Sumo" name="Method2" time="0.004">
    <system-out>
      <![CDATA[method2 from Sumo class]]>
    </system-out>
  </testcase> <!-- Method2 -->
  <system-out>
    <![CDATA[Method 1 from demo class
Method 2 from demo class
Method1 from Remo class
Method2 from Remo class
Method 1 from Sumo class
method2 from Sumo class]]>
  </system-out>
</testsuite> <!-- testNGPackage.Sumo -->
