<?xml version="1.0" encoding="UTF-8"?>
<!-- Generated by org.testng.reporters.JUnitReportReporter -->
<testsuite hostname="DESKTOP-CNUFA8L" failures="0" tests="2" name="testNGAssertations.AssertionScriptforOrangeHRM" time="21.562" errors="0" timestamp="2023-12-05T12:38:06 IST" skipped="0">
  <testcase classname="testNGAssertations.AssertionScriptforOrangeHRM" name="setUp" time="9.913"/>
  <testcase classname="testNGAssertations.AssertionScriptforOrangeHRM" name="testMethod" time="11.649">
    <system-out>
      <![CDATA[User created]]>
    </system-out>
  </testcase> <!-- testMethod -->
  <system-out>
    <![CDATA[User created]]>
  </system-out>
</testsuite> <!-- testNGAssertations.AssertionScriptforOrangeHRM -->
